sergey@MacBook-Pro-Kitty ~ % kubectl logs kube-controller-manager-minikube -n kube-system
I1013 20:51:53.813154       1 replica_set.go:676] "Finished syncing" logger="replicaset-controller" kind="ReplicaSet" key="default/prometheus-adapter-77796cdcc6" duration="26.162833ms"
I1013 20:51:53.883710       1 replica_set.go:676] "Finished syncing" logger="replicaset-controller" kind="ReplicaSet" key="default/prometheus-adapter-77796cdcc6" duration="237.666µs"
I1013 21:01:17.068644       1 horizontal.go:881] "Successfully rescaled" logger="horizontal-pod-autoscaler-controller" HPA="scale-test/scaletestapp-hpa" currentReplicas=1 desiredReplicas=3 reason="pods metric http_requests_per_second above target"
I1013 21:01:17.099355       1 replica_set.go:676] "Finished syncing" logger="replicaset-controller" kind="ReplicaSet" key="scale-test/scaletestapp-app-fdb76b679" duration="21.33425ms"
I1013 21:01:17.118574       1 replica_set.go:676] "Finished syncing" logger="replicaset-controller" kind="ReplicaSet" key="scale-test/scaletestapp-app-fdb76b679" duration="19.146875ms"
I1013 21:01:17.119378       1 replica_set.go:676] "Finished syncing" logger="replicaset-controller" kind="ReplicaSet" key="scale-test/scaletestapp-app-fdb76b679" duration="36.625µs"
I1013 21:01:17.123773       1 replica_set.go:676] "Finished syncing" logger="replicaset-controller" kind="ReplicaSet" key="scale-test/scaletestapp-app-fdb76b679" duration="32.542µs"
I1013 21:01:22.185003       1 replica_set.go:676] "Finished syncing" logger="replicaset-controller" kind="ReplicaSet" key="scale-test/scaletestapp-app-fdb76b679" duration="12.236708ms"
I1013 21:01:22.188802       1 replica_set.go:676] "Finished syncing" logger="replicaset-controller" kind="ReplicaSet" key="scale-test/scaletestapp-app-fdb76b679" duration="256.375µs"
I1013 21:01:24.214335       1 replica_set.go:676] "Finished syncing" logger="replicaset-controller" kind="ReplicaSet" key="scale-test/scaletestapp-app-fdb76b679" duration="7.796334ms"
I1013 21:01:24.214520       1 replica_set.go:676] "Finished syncing" logger="replicaset-controller" kind="ReplicaSet" key="scale-test/scaletestapp-app-fdb76b679" duration="101.792µs"
I1013 21:20:51.855980       1 horizontal.go:881] "Successfully rescaled" logger="horizontal-pod-autoscaler-controller" HPA="scale-test/scaletestapp-hpa" currentReplicas=3 desiredReplicas=2 reason="All metrics below target"
I1013 21:20:51.907498       1 replica_set.go:676] "Finished syncing" logger="replicaset-controller" kind="ReplicaSet" key="scale-test/scaletestapp-app-fdb76b679" duration="25.674792ms"
I1013 21:20:51.916443       1 replica_set.go:676] "Finished syncing" logger="replicaset-controller" kind="ReplicaSet" key="scale-test/scaletestapp-app-fdb76b679" duration="8.89825ms"
I1013 21:20:51.916499       1 replica_set.go:676] "Finished syncing" logger="replicaset-controller" kind="ReplicaSet" key="scale-test/scaletestapp-app-fdb76b679" duration="22.625µs"
I1013 21:20:52.146256       1 replica_set.go:676] "Finished syncing" logger="replicaset-controller" kind="ReplicaSet" key="scale-test/scaletestapp-app-fdb76b679" duration="38.167µs"
I1013 21:20:52.593960       1 replica_set.go:676] "Finished syncing" logger="replicaset-controller" kind="ReplicaSet" key="scale-test/scaletestapp-app-fdb76b679" duration="65.583µs"
I1013 21:20:52.606619       1 replica_set.go:676] "Finished syncing" logger="replicaset-controller" kind="ReplicaSet" key="scale-test/scaletestapp-app-fdb76b679" duration="28.5µs"
I1013 21:20:52.610910       1 replica_set.go:676] "Finished syncing" logger="replicaset-controller" kind="ReplicaSet" key="scale-test/scaletestapp-app-fdb76b679" duration="37.042µs"
I1013 21:22:07.207744       1 horizontal.go:881] "Successfully rescaled" logger="horizontal-pod-autoscaler-controller" HPA="scale-test/scaletestapp-hpa" currentReplicas=2 desiredReplicas=1 reason="All metrics below target"


sergey@MacBook-Pro-Kitty ~ % kubectl get --raw "/apis/custom.metrics.k8s.io/v1beta1/namespaces/scale-test/pods/*/http_requests_per_second"
{"kind":"MetricValueList","apiVersion":"custom.metrics.k8s.io/v1beta1","metadata":{},"items":[{"describedObject":{"kind":"Pod","namespace":"scale-test","name":"scaletestapp-app-fdb76b679-9lk6v","apiVersion":"/v1"},"metricName":"http_requests_per_second","timestamp":"2024-10-13T21:13:27Z","value":"25247m","selector":null},{"describedObject":{"kind":"Pod","namespace":"scale-test","name":"scaletestapp-app-fdb76b679-hl7np","apiVersion":"/v1"},"metricName":"http_requests_per_second","timestamp":"2024-10-13T21:13:27Z","value":"38448m","selector":null},{"describedObject":{"kind":"Pod","namespace":"scale-test","name":"scaletestapp-app-fdb76b679-phd6x","apiVersion":"/v1"},"metricName":"http_requests_per_second","timestamp":"2024-10-13T21:13:27Z","value":"35344m","selector":null}]}
